<?xml version="1.0" encoding="UTF-8"?>
<!-- Generated by org.testng.reporters.JUnitReportReporter -->
<testsuite hostname="mshettigar-7560" failures="0" tests="1" name="testCases.TC_012_MyAccount" time="14.245" errors="0" timestamp="2022-08-02T15:43:05 EDT" skipped="0">
  <testcase classname="testCases.TC_012_MyAccount" name="test_Myaccount" time="14.245"/>
  <system-out/>
</testsuite> <!-- testCases.TC_012_MyAccount -->
