<?xml version="1.0" encoding="UTF-8"?>
<!-- Generated by org.testng.reporters.JUnitReportReporter -->
<testsuite hostname="mshettigar-7560" failures="0" tests="1" name="testCases.TC_007_WishList" time="22.991" errors="0" timestamp="2022-08-02T15:14:20 EDT" skipped="0">
  <testcase classname="testCases.TC_007_WishList" name="test_wishlist" time="22.991"/>
  <system-out/>
</testsuite> <!-- testCases.TC_007_WishList -->
