<?xml version="1.0" encoding="UTF-8"?>
<!-- Generated by org.testng.reporters.JUnitReportReporter -->
<testsuite hostname="mshettigar-7560" failures="0" tests="1" name="testCases.TC_002_Login" time="3.220" errors="0" timestamp="2022-07-03T19:47:49 EDT" skipped="0">
  <testcase classname="testCases.TC_002_Login" name="test_login" time="3.220"/>
  <system-out/>
</testsuite> <!-- testCases.TC_002_Login -->
