<?xml version="1.0" encoding="UTF-8"?>
<!-- Generated by org.testng.reporters.JUnitReportReporter -->
<testsuite hostname="mshettigar-7560" failures="0" tests="1" name="testCases.TC_017_Downloads" time="7.755" errors="0" timestamp="2022-08-02T16:28:40 EDT" skipped="0">
  <testcase classname="testCases.TC_017_Downloads" name="test_downloads" time="7.755"/>
  <system-out/>
</testsuite> <!-- testCases.TC_017_Downloads -->
