<?xml version="1.0" encoding="UTF-8"?>
<!-- Generated by org.testng.reporters.JUnitReportReporter -->
<testsuite hostname="mshettigar-7560" failures="0" tests="1" name="testCases.TC_015_AddressBook" time="11.161" errors="0" timestamp="2022-08-02T15:55:06 EDT" skipped="0">
  <testcase classname="testCases.TC_015_AddressBook" name="test_Addressbook" time="11.161"/>
  <system-out/>
</testsuite> <!-- testCases.TC_015_AddressBook -->
