<?xml version="1.0" encoding="UTF-8"?>
<!-- Generated by org.testng.reporters.JUnitReportReporter -->
<testsuite hostname="mshettigar-7560" failures="0" tests="1" name="testCases.TC_005_Addcart" time="12.171" errors="0" timestamp="2022-08-01T20:54:42 EDT" skipped="0">
  <testcase classname="testCases.TC_005_Addcart" name="test_addcart" time="12.171"/>
  <system-out/>
</testsuite> <!-- testCases.TC_005_Addcart -->
