<?xml version="1.0" encoding="UTF-8"?>
<!-- Generated by org.testng.reporters.JUnitReportReporter -->
<testsuite hostname="mshettigar-7560" failures="0" tests="1" name="testCases.TC_001_AccountRegistration" time="3.642" errors="0" timestamp="2022-08-01T16:27:40 EDT" skipped="0">
  <testcase classname="testCases.TC_001_AccountRegistration" name="test_account_registration" time="3.642"/>
  <system-out/>
</testsuite> <!-- testCases.TC_001_AccountRegistration -->
