<?xml version="1.0" encoding="UTF-8"?>
<!-- Generated by org.testng.reporters.JUnitReportReporter -->
<testsuite hostname="mshettigar-7560" failures="0" tests="1" name="testCases.TC_011_Checkout" time="22.610" errors="0" timestamp="2022-08-02T15:21:19 EDT" skipped="0">
  <testcase classname="testCases.TC_011_Checkout" name="test_checkout" time="22.610"/>
  <system-out/>
</testsuite> <!-- testCases.TC_011_Checkout -->
