<?xml version="1.0" encoding="UTF-8"?>
<!-- Generated by org.testng.reporters.JUnitReportReporter -->
<testsuite hostname="mshettigar-7560" failures="0" tests="1" name="testCases.TC_008_ProductDisplayPage" time="11.544" errors="0" timestamp="2022-08-02T14:59:33 EDT" skipped="0">
  <testcase classname="testCases.TC_008_ProductDisplayPage" name="test_productdisplay" time="11.544"/>
  <system-out/>
</testsuite> <!-- testCases.TC_008_ProductDisplayPage -->
