<?xml version="1.0" encoding="UTF-8"?>
<!-- Generated by org.testng.reporters.JUnitReportReporter -->
<testsuite skipped="0" hostname="mshettigar-7560" name="testCases.TC_001_AccountRegistration" tests="1" failures="0" timestamp="2022-07-05T15:57:41 EDT" time="4.649" errors="0">
  <testcase name="test_account_registration" time="4.649" classname="testCases.TC_001_AccountRegistration"/>
  <system-out/>
</testsuite> <!-- testCases.TC_001_AccountRegistration -->
